# JRE version: OpenJDK Runtime Environment Temurin-17.0.1+12 (17.0.1+12) (build 17.0.1+12)
# Java VM: OpenJDK 64-Bit Server VM Temurin-17.0.1+12 (17.0.1+12, mixed mode, tiered, compressed oops, compressed class ptrs, parallel gc, windows-amd64)
GC Precious Log:
 CPUs: 8 total, 8 available
 Memory: 32688M
 Large Page Support: Disabled
 NUMA Support: Disabled
 Compressed Oops: Enabled (32-bit)
 Alignments: Space 512K, Generation 512K, Heap 2M
 Heap Min Capacity: 100M
 Heap Initial Capacity: 100M
 Heap Max Capacity: 1G
 Pre-touch: Disabled
 Parallel Workers: 8
Heap:
 PSYoungGen      total 10752K, used 10672K [0x00000000eab00000, 0x00000000eb780000, 0x0000000100000000)
  eden space 10240K, 100% used [0x00000000eab00000,0x00000000eb500000,0x00000000eb500000)
  from space 512K, 84% used [0x00000000eb600000,0x00000000eb66c010,0x00000000eb680000)
  to   space 1024K, 84% used [0x00000000eb680000,0x00000000eb759210,0x00000000eb780000)
 ParOldGen       total 97280K, used 82647K [0x00000000c0000000, 0x00000000c5f00000, 0x00000000eab00000)
  object space 97280K, 84% used [0x00000000c0000000,0x00000000c50b5cf8,0x00000000c5f00000)
 Metaspace       used 84381K, committed 85440K, reserved 1130496K
  class space    used 8350K, committed 8832K, reserved 1048576K
GC Heap History (20 events):
Event: 6913.872 GC heap after
{Heap after GC invocations=5713 (full 180):
 PSYoungGen      total 9216K, used 288K [0x00000000eab00000, 0x00000000eb480000, 0x0000000100000000)
  eden space 8704K, 0% used [0x00000000eab00000,0x00000000eab00000,0x00000000eb380000)
  from space 512K, 56% used [0x00000000eb400000,0x00000000eb448000,0x00000000eb480000)
  to   space 512K, 0% used [0x00000000eb380000,0x00000000eb380000,0x00000000eb400000)
 ParOldGen       total 97280K, used 78742K [0x00000000c0000000, 0x00000000c5f00000, 0x00000000eab00000)
  object space 97280K, 80% used [0x00000000c0000000,0x00000000c4ce5a28,0x00000000c5f00000)
 Metaspace       used 84365K, committed 85440K, reserved 1130496K
  class space    used 8350K, committed 8832K, reserved 1048576K
}
Event: 6913.875 GC heap before
{Heap before GC invocations=5714 (full 180):
 PSYoungGen      total 9216K, used 8992K [0x00000000eab00000, 0x00000000eb480000, 0x0000000100000000)
  eden space 8704K, 100% used [0x00000000eab00000,0x00000000eb380000,0x00000000eb380000)
  from space 512K, 56% used [0x00000000eb400000,0x00000000eb448000,0x00000000eb480000)
  to   space 512K, 0% used [0x00000000eb380000,0x00000000eb380000,0x00000000eb400000)
 ParOldGen       total 97280K, used 78742K [0x00000000c0000000, 0x00000000c5f00000, 0x00000000eab00000)
  object space 97280K, 80% used [0x00000000c0000000,0x00000000c4ce5a28,0x00000000c5f00000)
 Metaspace       used 84365K, committed 85440K, reserved 1130496K
  class space    used 8350K, committed 8832K, reserved 1048576K
}
Event: 6913.875 GC heap after
{Heap after GC invocations=5714 (full 180):
 PSYoungGen      total 9216K, used 448K [0x00000000eab00000, 0x00000000eb600000, 0x0000000100000000)
  eden space 8704K, 0% used [0x00000000eab00000,0x00000000eab00000,0x00000000eb380000)
  from space 512K, 87% used [0x00000000eb380000,0x00000000eb3f0020,0x00000000eb400000)
  to   space 512K, 0% used [0x00000000eb580000,0x00000000eb580000,0x00000000eb600000)
 ParOldGen       total 97280K, used 78926K [0x00000000c0000000, 0x00000000c5f00000, 0x00000000eab00000)
  object space 97280K, 81% used [0x00000000c0000000,0x00000000c4d13a48,0x00000000c5f00000)
 Metaspace       used 84365K, committed 85440K, reserved 1130496K
  class space    used 8350K, committed 8832K, reserved 1048576K
}
Event: 6913.878 GC heap before
{Heap before GC invocations=5715 (full 180):
 PSYoungGen      total 9216K, used 9152K [0x00000000eab00000, 0x00000000eb600000, 0x0000000100000000)
  eden space 8704K, 100% used [0x00000000eab00000,0x00000000eb380000,0x00000000eb380000)
  from space 512K, 87% used [0x00000000eb380000,0x00000000eb3f0020,0x00000000eb400000)
  to   space 512K, 0% used [0x00000000eb580000,0x00000000eb580000,0x00000000eb600000)
 ParOldGen       total 97280K, used 78926K [0x00000000c0000000, 0x00000000c5f00000, 0x00000000eab00000)
  object space 97280K, 81% used [0x00000000c0000000,0x00000000c4d13a48,0x00000000c5f00000)
 Metaspace       used 84365K, committed 85440K, reserved 1130496K
  class space    used 8350K, committed 8832K, reserved 1048576K
}
Event: 6913.878 GC heap after
{Heap after GC invocations=5715 (full 180):
 PSYoungGen      total 10752K, used 384K [0x00000000eab00000, 0x00000000eb600000, 0x0000000100000000)
  eden space 10240K, 0% used [0x00000000eab00000,0x00000000eab00000,0x00000000eb500000)
  from space 512K, 75% used [0x00000000eb580000,0x00000000eb5e0000,0x00000000eb600000)
  to   space 512K, 0% used [0x00000000eb500000,0x00000000eb500000,0x00000000eb580000)
 ParOldGen       total 97280K, used 79238K [0x00000000c0000000, 0x00000000c5f00000, 0x00000000eab00000)
  object space 97280K, 81% used [0x00000000c0000000,0x00000000c4d61a68,0x00000000c5f00000)
 Metaspace       used 84365K, committed 85440K, reserved 1130496K
  class space    used 8350K, committed 8832K, reserved 1048576K
}
Event: 6913.882 GC heap before
{Heap before GC invocations=5716 (full 180):
 PSYoungGen      total 10752K, used 10624K [0x00000000eab00000, 0x00000000eb600000, 0x0000000100000000)
  eden space 10240K, 100% used [0x00000000eab00000,0x00000000eb500000,0x00000000eb500000)
  from space 512K, 75% used [0x00000000eb580000,0x00000000eb5e0000,0x00000000eb600000)
  to   space 512K, 0% used [0x00000000eb500000,0x00000000eb500000,0x00000000eb580000)
 ParOldGen       total 97280K, used 79238K [0x00000000c0000000, 0x00000000c5f00000, 0x00000000eab00000)
  object space 97280K, 81% used [0x00000000c0000000,0x00000000c4d61a68,0x00000000c5f00000)
 Metaspace       used 84365K, committed 85440K, reserved 1130496K
  class space    used 8350K, committed 8832K, reserved 1048576K
}
Event: 6913.882 GC heap after
{Heap after GC invocations=5716 (full 180):
 PSYoungGen      total 10752K, used 512K [0x00000000eab00000, 0x00000000eb880000, 0x0000000100000000)
  eden space 10240K, 0% used [0x00000000eab00000,0x00000000eab00000,0x00000000eb500000)
  from space 512K, 100% used [0x00000000eb500000,0x00000000eb580000,0x00000000eb580000)
  to   space 1024K, 0% used [0x00000000eb780000,0x00000000eb780000,0x00000000eb880000)
 ParOldGen       total 97280K, used 79518K [0x00000000c0000000, 0x00000000c5f00000, 0x00000000eab00000)
  object space 97280K, 81% used [0x00000000c0000000,0x00000000c4da7a88,0x00000000c5f00000)
 Metaspace       used 84365K, committed 85440K, reserved 1130496K
  class space    used 8350K, committed 8832K, reserved 1048576K
}
Event: 6913.887 GC heap before
{Heap before GC invocations=5717 (full 180):
 PSYoungGen      total 10752K, used 10752K [0x00000000eab00000, 0x00000000eb880000, 0x0000000100000000)
  eden space 10240K, 100% used [0x00000000eab00000,0x00000000eb500000,0x00000000eb500000)
  from space 512K, 100% used [0x00000000eb500000,0x00000000eb580000,0x00000000eb580000)
  to   space 1024K, 0% used [0x00000000eb780000,0x00000000eb780000,0x00000000eb880000)
 ParOldGen       total 97280K, used 79518K [0x00000000c0000000, 0x00000000c5f00000, 0x00000000eab00000)
  object space 97280K, 81% used [0x00000000c0000000,0x00000000c4da7a88,0x00000000c5f00000)
 Metaspace       used 84365K, committed 85440K, reserved 1130496K
  class space    used 8350K, committed 8832K, reserved 1048576K
}
Event: 6913.887 GC heap after
{Heap after GC invocations=5717 (full 180):
 PSYoungGen      total 11264K, used 778K [0x00000000eab00000, 0x00000000eb880000, 0x0000000100000000)
  eden space 10240K, 0% used [0x00000000eab00000,0x00000000eab00000,0x00000000eb500000)
  from space 1024K, 76% used [0x00000000eb780000,0x00000000eb842950,0x00000000eb880000)
  to   space 1024K, 0% used [0x00000000eb680000,0x00000000eb680000,0x00000000eb780000)
 ParOldGen       total 97280K, used 79886K [0x00000000c0000000, 0x00000000c5f00000, 0x00000000eab00000)
  object space 97280K, 82% used [0x00000000c0000000,0x00000000c4e03ac8,0x00000000c5f00000)
 Metaspace       used 84365K, committed 85440K, reserved 1130496K
  class space    used 8350K, committed 8832K, reserved 1048576K
}
Event: 6913.891 GC heap before
{Heap before GC invocations=5718 (full 180):
 PSYoungGen      total 11264K, used 11018K [0x00000000eab00000, 0x00000000eb880000, 0x0000000100000000)
  eden space 10240K, 100% used [0x00000000eab00000,0x00000000eb500000,0x00000000eb500000)
  from space 1024K, 76% used [0x00000000eb780000,0x00000000eb842950,0x00000000eb880000)
  to   space 1024K, 0% used [0x00000000eb680000,0x00000000eb680000,0x00000000eb780000)
 ParOldGen       total 97280K, used 79886K [0x00000000c0000000, 0x00000000c5f00000, 0x00000000eab00000)
  object space 97280K, 82% used [0x00000000c0000000,0x00000000c4e03ac8,0x00000000c5f00000)
 Metaspace       used 84365K, committed 85440K, reserved 1130496K
  class space    used 8350K, committed 8832K, reserved 1048576K
}
Event: 6913.892 GC heap after
{Heap after GC invocations=5718 (full 180):
 PSYoungGen      total 11264K, used 560K [0x00000000eab00000, 0x00000000eb800000, 0x0000000100000000)
  eden space 10240K, 0% used [0x00000000eab00000,0x00000000eab00000,0x00000000eb500000)
  from space 1024K, 54% used [0x00000000eb680000,0x00000000eb70c010,0x00000000eb780000)
  to   space 512K, 0% used [0x00000000eb780000,0x00000000eb780000,0x00000000eb800000)
 ParOldGen       total 97280K, used 80511K [0x00000000c0000000, 0x00000000c5f00000, 0x00000000eab00000)
  object space 97280K, 82% used [0x00000000c0000000,0x00000000c4e9fef8,0x00000000c5f00000)
 Metaspace       used 84365K, committed 85440K, reserved 1130496K
  class space    used 8350K, committed 8832K, reserved 1048576K
}
Event: 6913.896 GC heap before
{Heap before GC invocations=5719 (full 180):
 PSYoungGen      total 11264K, used 10800K [0x00000000eab00000, 0x00000000eb800000, 0x0000000100000000)
  eden space 10240K, 100% used [0x00000000eab00000,0x00000000eb500000,0x00000000eb500000)
  from space 1024K, 54% used [0x00000000eb680000,0x00000000eb70c010,0x00000000eb780000)
  to   space 512K, 0% used [0x00000000eb780000,0x00000000eb780000,0x00000000eb800000)
 ParOldGen       total 97280K, used 80511K [0x00000000c0000000, 0x00000000c5f00000, 0x00000000eab00000)
  object space 97280K, 82% used [0x00000000c0000000,0x00000000c4e9fef8,0x00000000c5f00000)
 Metaspace       used 84365K, committed 85440K, reserved 1130496K
  class space    used 8350K, committed 8832K, reserved 1048576K
}
Event: 6913.896 GC heap after
{Heap after GC invocations=5719 (full 180):
 PSYoungGen      total 10752K, used 512K [0x00000000eab00000, 0x00000000eb800000, 0x0000000100000000)
  eden space 10240K, 0% used [0x00000000eab00000,0x00000000eab00000,0x00000000eb500000)
  from space 512K, 100% used [0x00000000eb780000,0x00000000eb800000,0x00000000eb800000)
  to   space 1024K, 0% used [0x00000000eb600000,0x00000000eb600000,0x00000000eb700000)
 ParOldGen       total 97280K, used 80935K [0x00000000c0000000, 0x00000000c5f00000, 0x00000000eab00000)
  object space 97280K, 83% used [0x00000000c0000000,0x00000000c4f09f38,0x00000000c5f00000)
 Metaspace       used 84365K, committed 85440K, reserved 1130496K
  class space    used 8350K, committed 8832K, reserved 1048576K
}
Event: 6913.900 GC heap before
{Heap before GC invocations=5720 (full 180):
 PSYoungGen      total 10752K, used 10752K [0x00000000eab00000, 0x00000000eb800000, 0x0000000100000000)
  eden space 10240K, 100% used [0x00000000eab00000,0x00000000eb500000,0x00000000eb500000)
  from space 512K, 100% used [0x00000000eb780000,0x00000000eb800000,0x00000000eb800000)
  to   space 1024K, 0% used [0x00000000eb600000,0x00000000eb600000,0x00000000eb700000)
 ParOldGen       total 97280K, used 80935K [0x00000000c0000000, 0x00000000c5f00000, 0x00000000eab00000)
  object space 97280K, 83% used [0x00000000c0000000,0x00000000c4f09f38,0x00000000c5f00000)
 Metaspace       used 84365K, committed 85440K, reserved 1130496K
  class space    used 8350K, committed 8832K, reserved 1048576K
}
Event: 6913.900 GC heap after
{Heap after GC invocations=5720 (full 180):
 PSYoungGen      total 11264K, used 368K [0x00000000eab00000, 0x00000000eb800000, 0x0000000100000000)
  eden space 10240K, 0% used [0x00000000eab00000,0x00000000eab00000,0x00000000eb500000)
  from space 1024K, 35% used [0x00000000eb600000,0x00000000eb65c010,0x00000000eb700000)
  to   space 1024K, 0% used [0x00000000eb700000,0x00000000eb700000,0x00000000eb800000)
 ParOldGen       total 97280K, used 81383K [0x00000000c0000000, 0x00000000c5f00000, 0x00000000eab00000)
  object space 97280K, 83% used [0x00000000c0000000,0x00000000c4f79f58,0x00000000c5f00000)
 Metaspace       used 84365K, committed 85440K, reserved 1130496K
  class space    used 8350K, committed 8832K, reserved 1048576K
}
Event: 6913.905 GC heap before
{Heap before GC invocations=5721 (full 180):
 PSYoungGen      total 11264K, used 10608K [0x00000000eab00000, 0x00000000eb800000, 0x0000000100000000)
  eden space 10240K, 100% used [0x00000000eab00000,0x00000000eb500000,0x00000000eb500000)
  from space 1024K, 35% used [0x00000000eb600000,0x00000000eb65c010,0x00000000eb700000)
  to   space 1024K, 0% used [0x00000000eb700000,0x00000000eb700000,0x00000000eb800000)
 ParOldGen       total 97280K, used 81383K [0x00000000c0000000, 0x00000000c5f00000, 0x00000000eab00000)
  object space 97280K, 83% used [0x00000000c0000000,0x00000000c4f79f58,0x00000000c5f00000)
 Metaspace       used 84366K, committed 85440K, reserved 1130496K
  class space    used 8350K, committed 8832K, reserved 1048576K
}
Event: 6913.905 GC heap after
{Heap after GC invocations=5721 (full 180):
 PSYoungGen      total 11264K, used 922K [0x00000000eab00000, 0x00000000eb800000, 0x0000000100000000)
  eden space 10240K, 0% used [0x00000000eab00000,0x00000000eab00000,0x00000000eb500000)
  from space 1024K, 90% used [0x00000000eb700000,0x00000000eb7e6920,0x00000000eb800000)
  to   space 1024K, 0% used [0x00000000eb600000,0x00000000eb600000,0x00000000eb700000)
 ParOldGen       total 97280K, used 81631K [0x00000000c0000000, 0x00000000c5f00000, 0x00000000eab00000)
  object space 97280K, 83% used [0x00000000c0000000,0x00000000c4fb7f78,0x00000000c5f00000)
 Metaspace       used 84366K, committed 85440K, reserved 1130496K
  class space    used 8350K, committed 8832K, reserved 1048576K
}
Event: 6913.908 GC heap before
{Heap before GC invocations=5722 (full 180):
 PSYoungGen      total 11264K, used 11162K [0x00000000eab00000, 0x00000000eb800000, 0x0000000100000000)
  eden space 10240K, 100% used [0x00000000eab00000,0x00000000eb500000,0x00000000eb500000)
  from space 1024K, 90% used [0x00000000eb700000,0x00000000eb7e6920,0x00000000eb800000)
  to   space 1024K, 0% used [0x00000000eb600000,0x00000000eb600000,0x00000000eb700000)
 ParOldGen       total 97280K, used 81631K [0x00000000c0000000, 0x00000000c5f00000, 0x00000000eab00000)
  object space 97280K, 83% used [0x00000000c0000000,0x00000000c4fb7f78,0x00000000c5f00000)
 Metaspace       used 84366K, committed 85440K, reserved 1130496K
  class space    used 8350K, committed 8832K, reserved 1048576K
}
Event: 6913.909 GC heap after
{Heap after GC invocations=5722 (full 180):
 PSYoungGen      total 10752K, used 432K [0x00000000eab00000, 0x00000000eb780000, 0x0000000100000000)
  eden space 10240K, 0% used [0x00000000eab00000,0x00000000eab00000,0x00000000eb500000)
  from space 512K, 84% used [0x00000000eb600000,0x00000000eb66c010,0x00000000eb680000)
  to   space 1024K, 0% used [0x00000000eb680000,0x00000000eb680000,0x00000000eb780000)
 ParOldGen       total 97280K, used 82383K [0x00000000c0000000, 0x00000000c5f00000, 0x00000000eab00000)
  object space 97280K, 84% used [0x00000000c0000000,0x00000000c5073cd8,0x00000000c5f00000)
 Metaspace       used 84366K, committed 85440K, reserved 1130496K
  class space    used 8350K, committed 8832K, reserved 1048576K
}
Event: 6914.498 GC heap before
{Heap before GC invocations=5723 (full 180):
 PSYoungGen      total 10752K, used 10672K [0x00000000eab00000, 0x00000000eb780000, 0x0000000100000000)
  eden space 10240K, 100% used [0x00000000eab00000,0x00000000eb500000,0x00000000eb500000)
  from space 512K, 84% used [0x00000000eb600000,0x00000000eb66c010,0x00000000eb680000)
  to   space 1024K, 0% used [0x00000000eb680000,0x00000000eb680000,0x00000000eb780000)
 ParOldGen       total 97280K, used 82383K [0x00000000c0000000, 0x00000000c5f00000, 0x00000000eab00000)
  object space 97280K, 84% used [0x00000000c0000000,0x00000000c5073cd8,0x00000000c5f00000)
 Metaspace       used 84381K, committed 85440K, reserved 1130496K
  class space    used 8350K, committed 8832K, reserved 1048576K
}

